$ ./mlsvm_save_knn -f twonorm --nn_n 10 --nn_d 1
[Config_Params][read_params] param.xml path : ./params.xml
start reading clustering parameters
[Config_params] flann parameters are read
--- NN Paramters ---
nn_number_of_classes: 2
nn_number_of_neighbors: 10
nn_distance_type: 1
--- Input File names ---
minority data: ./datasets/twonorm_min_norm_data.dat
majority data: ./datasets/twonorm_maj_norm_data.dat
[KF][WOUT] output is successfully written to ./datasets/twonorm_min_norm_data.dat
[KF][WOUT] output is successfully written to ./datasets/twonorm_maj_norm_data.dat
[Main] python min_command:/home/esfp/anaconda/bin//python ./scripts/flann.py ./datasets/twonorm_min_norm_data.dat 10 1
Input filename is: ./datasets/twonorm_min_norm_data.dat
Start reading input: ./datasets/twonorm_min_norm_data.dat
data shape before transpose:(3703, 20)
Data is read from PETSc binary format: 0.0 seconds
Flann calculation takes: 0.0 seconds
Convert the ndarray to sparse takes: 0.0 seconds
Outputing Data: ./datasets/twonorm_min_norm_data_indices.dat
result saved in PETSc format: 0.0 seconds
Outputing Data: ./datasets/twonorm_min_norm_data_dists.dat
dists saved in PETSc format: 0.0 seconds
[Main] maj_command:/home/esfp/anaconda/bin//python ./scripts/flann.py ./datasets/twonorm_maj_norm_data.dat 10 1
Input filename is: ./datasets/twonorm_maj_norm_data.dat
Start reading input: ./datasets/twonorm_maj_norm_data.dat
data shape before transpose:(3697, 20)
Data is read from PETSc binary format: 0.0 seconds
Flann calculation takes: 0.0 seconds
Convert the ndarray to sparse takes: 0.0 seconds
Outputing Data: ./datasets/twonorm_maj_norm_data_indices.dat
result saved in PETSc format: 0.0 seconds
Outputing Data: ./datasets/twonorm_maj_norm_data_dists.dat
dists saved in PETSc format: 0.0 seconds
